<?xml version="1.0" encoding="UTF-8"?>
<testng-results ignored="0" total="5" passed="5" failed="0" skipped="0">
  <reporter-output>
  </reporter-output>
  <suite started-at="2025-01-30T23:15:46 IST" name="Suite" finished-at="2025-01-30T23:15:53 IST" duration-ms="6730">
    <groups>
      <group name="Functional">
        <method signature="LoginTest.loginWithValidUserNamePassword()[pri:0, instance:com.testim.featutesTest.LoginTest@64b73e7a]" name="loginWithValidUserNamePassword" class="com.testim.featutesTest.LoginTest"/>
        <method signature="LoginTest.loginWithInvalidUserNamePassword(java.lang.String,java.lang.String)[pri:1, instance:com.testim.featutesTest.LoginTest@64b73e7a]" name="loginWithInvalidUserNamePassword" class="com.testim.featutesTest.LoginTest"/>
        <method signature="LoginTest.loginWithoutEnterUsernamePassword()[pri:2, instance:com.testim.featutesTest.LoginTest@64b73e7a]" name="loginWithoutEnterUsernamePassword" class="com.testim.featutesTest.LoginTest"/>
      </group> <!-- Functional -->
      <group name="Smoke">
        <method signature="LoginTest.loginWithValidUserNamePassword()[pri:0, instance:com.testim.featutesTest.LoginTest@64b73e7a]" name="loginWithValidUserNamePassword" class="com.testim.featutesTest.LoginTest"/>
      </group> <!-- Smoke -->
    </groups>
    <test started-at="2025-01-30T23:15:46 IST" name="Test" finished-at="2025-01-30T23:15:53 IST" duration-ms="6730">
      <class name="com.testim.featutesTest.LoginTest">
        <test-method is-config="true" signature="setUPBrowser(java.lang.String)[pri:0, instance:com.testim.featutesTest.LoginTest@64b73e7a]" started-at="2025-01-30T23:15:46 IST" name="setUPBrowser" finished-at="2025-01-30T23:15:49 IST" duration-ms="3121" status="PASS">
          <params>
            <param index="0">
              <value>
                <![CDATA[Chrome]]>
              </value>
            </param>
          </params>
          <reporter-output>
          </reporter-output>
        </test-method> <!-- setUPBrowser -->
        <test-method is-config="true" signature="LaunchURL()[pri:0, instance:com.testim.featutesTest.LoginTest@64b73e7a]" started-at="2025-01-30T23:15:49 IST" name="LaunchURL" finished-at="2025-01-30T23:15:50 IST" duration-ms="481" status="PASS">
          <reporter-output>
          </reporter-output>
        </test-method> <!-- LaunchURL -->
        <test-method signature="loginWithValidUserNamePassword()[pri:0, instance:com.testim.featutesTest.LoginTest@64b73e7a]" started-at="2025-01-30T23:15:50 IST" name="loginWithValidUserNamePassword" finished-at="2025-01-30T23:15:51 IST" duration-ms="1251" status="PASS">
          <reporter-output>
          </reporter-output>
        </test-method> <!-- loginWithValidUserNamePassword -->
        <test-method is-config="true" signature="LaunchURL()[pri:0, instance:com.testim.featutesTest.LoginTest@64b73e7a]" started-at="2025-01-30T23:15:51 IST" name="LaunchURL" finished-at="2025-01-30T23:15:51 IST" duration-ms="116" status="PASS">
          <reporter-output>
          </reporter-output>
        </test-method> <!-- LaunchURL -->
        <test-method signature="loginWithInvalidUserNamePassword(java.lang.String,java.lang.String)[pri:1, instance:com.testim.featutesTest.LoginTest@64b73e7a]" started-at="2025-01-30T23:15:51 IST" name="loginWithInvalidUserNamePassword" data-provider="UserNameAndPassword" finished-at="2025-01-30T23:15:52 IST" duration-ms="346" status="PASS">
          <params>
            <param index="0">
              <value>
                <![CDATA[Yogesh]]>
              </value>
            </param>
            <param index="1">
              <value>
                <![CDATA[Nale]]>
              </value>
            </param>
          </params>
          <reporter-output>
          </reporter-output>
        </test-method> <!-- loginWithInvalidUserNamePassword -->
        <test-method is-config="true" signature="LaunchURL()[pri:0, instance:com.testim.featutesTest.LoginTest@64b73e7a]" started-at="2025-01-30T23:15:52 IST" name="LaunchURL" finished-at="2025-01-30T23:15:52 IST" duration-ms="75" status="PASS">
          <reporter-output>
          </reporter-output>
        </test-method> <!-- LaunchURL -->
        <test-method signature="loginWithInvalidUserNamePassword(java.lang.String,java.lang.String)[pri:1, instance:com.testim.featutesTest.LoginTest@64b73e7a]" started-at="2025-01-30T23:15:52 IST" name="loginWithInvalidUserNamePassword" data-provider="UserNameAndPassword" finished-at="2025-01-30T23:15:52 IST" duration-ms="310" status="PASS">
          <params>
            <param index="0">
              <value>
                <![CDATA[Abak]]>
              </value>
            </param>
            <param index="1">
              <value>
                <![CDATA[Ashsi]]>
              </value>
            </param>
          </params>
          <reporter-output>
          </reporter-output>
        </test-method> <!-- loginWithInvalidUserNamePassword -->
        <test-method is-config="true" signature="LaunchURL()[pri:0, instance:com.testim.featutesTest.LoginTest@64b73e7a]" started-at="2025-01-30T23:15:52 IST" name="LaunchURL" finished-at="2025-01-30T23:15:52 IST" duration-ms="54" status="PASS">
          <reporter-output>
          </reporter-output>
        </test-method> <!-- LaunchURL -->
        <test-method signature="loginWithInvalidUserNamePassword(java.lang.String,java.lang.String)[pri:1, instance:com.testim.featutesTest.LoginTest@64b73e7a]" started-at="2025-01-30T23:15:52 IST" name="loginWithInvalidUserNamePassword" data-provider="UserNameAndPassword" finished-at="2025-01-30T23:15:52 IST" duration-ms="310" status="PASS">
          <params>
            <param index="0">
              <value>
                <![CDATA[Prashant]]>
              </value>
            </param>
            <param index="1">
              <value>
                <![CDATA[Ugale]]>
              </value>
            </param>
          </params>
          <reporter-output>
          </reporter-output>
        </test-method> <!-- loginWithInvalidUserNamePassword -->
        <test-method is-config="true" signature="LaunchURL()[pri:0, instance:com.testim.featutesTest.LoginTest@64b73e7a]" started-at="2025-01-30T23:15:52 IST" name="LaunchURL" finished-at="2025-01-30T23:15:52 IST" duration-ms="52" status="PASS">
          <reporter-output>
          </reporter-output>
        </test-method> <!-- LaunchURL -->
        <test-method signature="loginWithoutEnterUsernamePassword()[pri:2, instance:com.testim.featutesTest.LoginTest@64b73e7a]" started-at="2025-01-30T23:15:52 IST" name="loginWithoutEnterUsernamePassword" finished-at="2025-01-30T23:15:53 IST" duration-ms="117" status="PASS">
          <reporter-output>
          </reporter-output>
        </test-method> <!-- loginWithoutEnterUsernamePassword -->
        <test-method is-config="true" signature="tearDown()[pri:0, instance:com.testim.featutesTest.LoginTest@64b73e7a]" started-at="2025-01-30T23:15:53 IST" name="tearDown" finished-at="2025-01-30T23:15:53 IST" duration-ms="311" status="PASS">
          <reporter-output>
          </reporter-output>
        </test-method> <!-- tearDown -->
      </class> <!-- com.testim.featutesTest.LoginTest -->
    </test> <!-- Test -->
  </suite> <!-- Suite -->
</testng-results>
