<?xml version="1.0" encoding="UTF-8"?>
<!-- Generated by org.testng.reporters.JUnitXMLReporter -->
<testsuite ignored="0" hostname="DESKTOP-O7V7EB1" failures="1" tests="1" name="Test" time="5.571" errors="0" timestamp="2025-01-31T13:50:47 IST">
  <testcase classname="com.testim.featutesTest.BuyProductFlowTest" name="checkBuyProductE2EFlow" time="1.186">
    <failure type="java.lang.AssertionError" message="null">
      <![CDATA[java.lang.AssertionError: null
at com.testim.featutesTest.BuyProductFlowTest.checkBuyProductE2EFlow(BuyProductFlowTest.java:44)
at java.base/java.util.ArrayList.forEach(ArrayList.java:1596)
... Removed 27 stack frames]]>
    </failure>
  </testcase> <!-- checkBuyProductE2EFlow -->
</testsuite> <!-- Test -->
