<?xml version="1.0" encoding="UTF-8"?>
<!-- Generated by org.testng.reporters.JUnitXMLReporter -->
<testsuite ignored="0" hostname="DESKTOP-O7V7EB1" failures="0" tests="4" name="Test" time="5.356" errors="0" timestamp="2025-01-30T19:02:38 IST">
  <testcase classname="com.testim.featutesTest.LoginTest" name="loginWithValidUserNamePassword" time="0.537"/>
  <testcase classname="com.testim.featutesTest.LoginTest" name="loginWithInvalidUserNamePassword" time="0.289"/>
  <testcase classname="com.testim.featutesTest.LoginTest" name="loginWithInvalidUserNamePassword" time="0.241"/>
  <testcase classname="com.testim.featutesTest.LoginTest" name="loginWithInvalidUserNamePassword" time="0.238"/>
</testsuite> <!-- Test -->
